<?xml version="1.0" encoding="UTF-8"?>
<!-- Generated by org.testng.reporters.JUnitReportReporter -->
<testsuite hostname="FRP03375" failures="0" tests="1" name="Test003" time="2.295" errors="0" timestamp="2022-12-13T17:09:30 CET" skipped="0">
  <testcase classname="Test003" name="test003" time="2.295"/>
  <system-out/>
</testsuite> <!-- Test003 -->
