<?xml version="1.0" encoding="UTF-8"?>
<!-- Generated by org.testng.reporters.JUnitReportReporter -->
<testsuite hostname="FRP03375" failures="0" tests="1" name="Test001" time="1.999" errors="0" timestamp="2022-12-13T17:09:30 CET" skipped="0">
  <testcase classname="Test001" name="test001" time="1.999"/>
  <system-out/>
</testsuite> <!-- Test001 -->
